<?xml version="1.0" encoding="UTF-8"?>
<!-- Generated by org.testng.reporters.JUnitReportReporter -->
<testsuite skipped="0" hostname="kayalvizhis-MacBook-Air.local" name="practice.DataProviders" tests="2" failures="0" timestamp="11 Mar 2017 21:08:32 GMT" time="0.018" errors="0">
  <testcase name="LoginTest" time="0.016" classname="practice.DataProviders"/>
  <testcase name="LoginTest" time="0.002" classname="practice.DataProviders"/>
</testsuite> <!-- practice.DataProviders -->
