<?xml version="1.0" encoding="UTF-8"?>
<!-- Generated by org.testng.reporters.JUnitReportReporter -->
<testsuite name="practice.Parameters1" tests="1" time="0.013" ignored="0" failures="0" timestamp="21 Feb 2017 21:59:23 GMT" skipped="0" hostname="DCMASS7-7065-1L" errors="0">
  <testcase name="login" time="0.013" classname="practice.Parameters1"/>
</testsuite> <!-- practice.Parameters1 -->
