<?xml version="1.0" encoding="UTF-8"?>
<!-- Generated by org.testng.reporters.JUnitReportReporter -->
<testsuite name="practice.DataproviderwithExcel" tests="5" time="0.020" ignored="0" failures="0" timestamp="22 Feb 2017 21:02:09 GMT" skipped="0" hostname="DCMASS7-7065-1L" errors="0">
  <testcase name="usercredentials" time="0.003" classname="practice.DataproviderwithExcel"/>
  <testcase name="usercredentials" time="0.003" classname="practice.DataproviderwithExcel"/>
  <testcase name="usercredentials" time="0.010" classname="practice.DataproviderwithExcel"/>
  <testcase name="usercredentials" time="0.003" classname="practice.DataproviderwithExcel"/>
  <testcase name="usercredentials" time="0.001" classname="practice.DataproviderwithExcel"/>
</testsuite> <!-- practice.DataproviderwithExcel -->
