<?xml version="1.0" encoding="UTF-8"?>
<!-- Generated by org.testng.reporters.JUnitReportReporter -->
<testsuite name="practice.dataprovider" tests="2" time="0.012" ignored="0" failures="0" timestamp="21 Feb 2017 21:45:14 GMT" skipped="0" hostname="DCMASS7-7065-1L" errors="0">
  <testcase name="f" time="0.001" classname="practice.dataprovider"/>
  <testcase name="f" time="0.011" classname="practice.dataprovider"/>
</testsuite> <!-- practice.dataprovider -->
