<?xml version="1.0" encoding="UTF-8"?>
<!-- Generated by org.testng.reporters.JUnitReportReporter -->
<testsuite name="practice.LoginTest" tests="1" time="0.011" ignored="0" failures="0" timestamp="21 Feb 2017 21:17:42 GMT" skipped="0" hostname="DCMASS7-7065-1L" errors="0">
  <testcase name="login" time="0.011" classname="practice.LoginTest"/>
</testsuite> <!-- practice.LoginTest -->
