<?xml version="1.0" encoding="UTF-8"?>
<!-- Generated by org.testng.reporters.JUnitReportReporter -->
<testsuite name="practice.DataProviders" tests="2" time="0.004" ignored="0" failures="0" timestamp="21 Feb 2017 21:59:23 GMT" skipped="0" hostname="DCMASS7-7065-1L" errors="0">
  <testcase name="LoginTest" time="0.002" classname="practice.DataProviders"/>
  <testcase name="LoginTest" time="0.002" classname="practice.DataProviders"/>
</testsuite> <!-- practice.DataProviders -->
