<?xml version="1.0" encoding="UTF-8"?>
<!-- Generated by org.testng.reporters.JUnitReportReporter -->
<testsuite name="practice.DataProvidersONE" tests="2" time="0.029" ignored="0" failures="0" timestamp="22 Feb 2017 20:56:48 GMT" skipped="0" hostname="DCMASS7-7065-1L" errors="0">
  <testcase name="usercredentials" time="0.018" classname="practice.DataProvidersONE"/>
  <testcase name="usercredentials" time="0.011" classname="practice.DataProvidersONE"/>
</testsuite> <!-- practice.DataProvidersONE -->
